2025-12-01 14:45:08,475 - ERROR - Failed to connect to Odoo: <Fault 1: 'Traceback (most recent call last):\n  File "/opt/instance1/odoo17/odoo/modules/registry.py", line 87, in __new__\n    return cls.registries[db_name]\n           ~~~~~~~~~~~~~~^^^^^^^^^\n  File "/opt/instance1/odoo17-venv/lib/python3.12/site-packages/decorator.py", line 232, in fun\n    return caller(func, *(extras + args), **kw)\n           ^^^^^^^^^^^^^^^^^^^^^^^^^^^^^^^^^^^^\n  File "/opt/instance1/odoo17/odoo/tools/func.py", line 87, in locked\n    return func(inst, *args, **kwargs)\n           ^^^^^^^^^^^^^^^^^^^^^^^^^^^\n  File "/opt/instance1/odoo17/odoo/tools/lru.py", line 34, in __getitem__\n    a = self.d[obj]\n        ~~~~~~^^^^^\nKeyError: \'MOG_\'\n\nDuring handling of the above exception, another exception occurred:\n\nTraceback (most recent call last):\n  File "/opt/instance1/odoo17/odoo/addons/base/controllers/rpc.py", line 147, in xmlrpc_2\n    response = self._xmlrpc(service)\n               ^^^^^^^^^^^^^^^^^^^^^\n  File "/opt/instance1/odoo17/odoo/addons/base/controllers/rpc.py", line 127, in _xmlrpc\n    result = dispatch_rpc(service, method, params)\n             ^^^^^^^^^^^^^^^^^^^^^^^^^^^^^^^^^^^^^\n  File "/opt/instance1/odoo17/odoo/http.py", line 389, in dispatch_rpc\n    return dispatch(method, params)\n           ^^^^^^^^^^^^^^^^^^^^^^^^\n  File "/opt/instance1/odoo17/odoo/service/common.py", line 56, in dispatch\n    return g[exp_method_name](*params)\n           ^^^^^^^^^^^^^^^^^^^^^^^^^^^\n  File "/opt/instance1/odoo17/odoo/service/common.py", line 25, in exp_authenticate\n    res_users = odoo.registry(db)[\'res.users\']\n                ^^^^^^^^^^^^^^^^^\n  File "/opt/instance1/odoo17/odoo/__init__.py", line 106, in registry\n    return modules.registry.Registry(database_name)\n           ^^^^^^^^^^^^^^^^^^^^^^^^^^^^^^^^^^^^^^^^\n  File "/opt/instance1/odoo17/odoo/modules/registry.py", line 89, in __new__\n    return cls.new(db_name)\n           ^^^^^^^^^^^^^^^^\n  File "/opt/instance1/odoo17-venv/lib/python3.12/site-packages/decorator.py", line 232, in fun\n    return caller(func, *(extras + args), **kw)\n           ^^^^^^^^^^^^^^^^^^^^^^^^^^^^^^^^^^^^\n  File "/opt/instance1/odoo17/odoo/tools/func.py", line 87, in locked\n    return func(inst, *args, **kwargs)\n           ^^^^^^^^^^^^^^^^^^^^^^^^^^^\n  File "/opt/instance1/odoo17/odoo/modules/registry.py", line 97, in new\n    registry.init(db_name)\n  File "/opt/instance1/odoo17/odoo/modules/registry.py", line 178, in init\n    with closing(self.cursor()) as cr:\n                 ^^^^^^^^^^^^^\n  File "/opt/instance1/odoo17/odoo/modules/registry.py", line 946, in cursor\n    return self._db.cursor()\n           ^^^^^^^^^^^^^^^^^\n  File "/opt/instance1/odoo17/odoo/sql_db.py", line 753, in cursor\n    return Cursor(self.__pool, self.__dbname, self.__dsn)\n           ^^^^^^^^^^^^^^^^^^^^^^^^^^^^^^^^^^^^^^^^^^^^^^\n  File "/opt/instance1/odoo17/odoo/sql_db.py", line 267, in __init__\n    self._cnx = pool.borrow(dsn)\n                ^^^^^^^^^^^^^^^^\n  File "/opt/instance1/odoo17-venv/lib/python3.12/site-packages/decorator.py", line 232, in fun\n    return caller(func, *(extras + args), **kw)\n           ^^^^^^^^^^^^^^^^^^^^^^^^^^^^^^^^^^^^\n  File "/opt/instance1/odoo17/odoo/tools/func.py", line 87, in locked\n    return func(inst, *args, **kwargs)\n           ^^^^^^^^^^^^^^^^^^^^^^^^^^^\n  File "/opt/instance1/odoo17/odoo/sql_db.py", line 682, in borrow\n    result = psycopg2.connect(\n             ^^^^^^^^^^^^^^^^^\n  File "/opt/instance1/odoo17-venv/lib/python3.12/site-packages/psycopg2/__init__.py", line 122, in connect\n    conn = _connect(dsn, connection_factory=connection_factory, **kwasync)\n           ^^^^^^^^^^^^^^^^^^^^^^^^^^^^^^^^^^^^^^^^^^^^^^^^^^^^^^^^^^^^^^^\npsycopg2.OperationalError: connection to server at "localhost" (127.0.0.1), port 5432 failed: FATAL:  database "MOG_" does not exist\n\n'>
2025-12-01 14:45:08,475 - ERROR - It looks like the configured database may be incorrect or missing. Please verify the `database` value in the script or pass `--database <name>` on the command line.
